<?xml version="1.0" encoding="UTF-8"?>
<testsuite xmlns:xsi="http://www.w3.org/2001/XMLSchema-instance" xsi:noNamespaceSchemaLocation="https://maven.apache.org/surefire/maven-surefire-plugin/xsd/surefire-test-report-3.0.xsd" version="3.0" name="com.taskmanager.RunCucumberTest" time="7.669" tests="11" errors="0" skipped="0" failures="0">
  <properties>
[...]
</properties>
  <testcase name="Successful registration" classname="User authentication" time="5.785">
    <system-out><![CDATA[
  .   ____          _            __ _ _
 /\\ / ___'_ __ _ _(_)_ __  __ _ \ \ \ \
( ( )\___ | '_ | '_| | '_ \/ _` | \ \ \ \
 \\/  ___)| |_)| | | | | || (_| |  ) ) ) )
  '  |____| .__|_| |_|_| |_\__, | / / / /
 =========|_|==============|___/=/_/_/_/

 :: Spring Boot ::                (v3.3.2)

2026-08-02T23:48:50.660+03:00  INFO 16524 --- [task-manager] [           main] c.t.config.CucumberSpringConfiguration   : Starting CucumberSpringConfiguration using Java 25.0.2 with PID 16524 (started by Blaze in C:\Users\ziada\Desktop\task-manager-app\backend)
2026-08-02T23:48:50.662+03:00  INFO 16524 --- [task-manager] [           main] c.t.config.CucumberSpringConfiguration   : The following 1 profile is active: "test"
2026-08-02T23:48:51.262+03:00  INFO 16524 --- [task-manager] [           main] .s.d.r.c.RepositoryConfigurationDelegate : Bootstrapping Spring Data JPA repositories in DEFAULT mode.
2026-08-02T23:48:51.304+03:00  INFO 16524 --- [task-manager] [           main] .s.d.r.c.RepositoryConfigurationDelegate : Finished Spring Data repository scanning in 36 ms. Found 2 JPA repository interfaces.
2026-08-02T23:48:51.793+03:00  INFO 16524 --- [task-manager] [           main] o.s.b.w.embedded.tomcat.TomcatWebServer  : Tomcat initialized with port 0 (http)
2026-08-02T23:48:51.803+03:00  INFO 16524 --- [task-manager] [           main] o.apache.catalina.core.StandardService   : Starting service [Tomcat]
2026-08-02T23:48:51.804+03:00  INFO 16524 --- [task-manager] [           main] o.apache.catalina.core.StandardEngine    : Starting Servlet engine: [Apache Tomcat/10.1.26]
2026-08-02T23:48:51.848+03:00  INFO 16524 --- [task-manager] [           main] o.a.c.c.C.[Tomcat].[localhost].[/]       : Initializing Spring embedded WebApplicationContext
2026-08-02T23:48:51.848+03:00  INFO 16524 --- [task-manager] [           main] w.s.c.ServletWebServerApplicationContext : Root WebApplicationContext: initialization completed in 1009 ms
2026-08-02T23:48:51.960+03:00  INFO 16524 --- [task-manager] [           main] o.hibernate.jpa.internal.util.LogHelper  : HHH000204: Processing PersistenceUnitInfo [name: default]
2026-08-02T23:48:52.009+03:00  INFO 16524 --- [task-manager] [           main] org.hibernate.Version                    : HHH000412: Hibernate ORM core version 6.5.2.Final
2026-08-02T23:48:52.054+03:00  INFO 16524 --- [task-manager] [           main] o.h.c.internal.RegionFactoryInitiator    : HHH000026: Second-level cache disabled
2026-08-02T23:48:52.268+03:00  INFO 16524 --- [task-manager] [           main] o.s.o.j.p.SpringPersistenceUnitInfo      : No LoadTimeWeaver setup: ignoring JPA class transformer
2026-08-02T23:48:52.291+03:00  INFO 16524 --- [task-manager] [           main] com.zaxxer.hikari.HikariDataSource       : HikariPool-1 - Starting...
2026-08-02T23:48:52.422+03:00  INFO 16524 --- [task-manager] [           main] com.zaxxer.hikari.pool.HikariPool        : HikariPool-1 - Added connection conn0: url=jdbc:h2:mem:testdb user=SA
2026-08-02T23:48:52.423+03:00  INFO 16524 --- [task-manager] [           main] com.zaxxer.hikari.HikariDataSource       : HikariPool-1 - Start completed.
2026-08-02T23:48:52.440+03:00  WARN 16524 --- [task-manager] [           main] org.hibernate.orm.deprecation            : HHH90000025: H2Dialect does not need to be specified explicitly using 'hibernate.dialect' (remove the property setting and it will be selected by default)
2026-08-02T23:48:53.152+03:00  INFO 16524 --- [task-manager] [           main] o.h.e.t.j.p.i.JtaPlatformInitiator       : HHH000489: No JTA platform available (set 'hibernate.transaction.jta.platform' to enable JTA platform integration)
2026-08-02T23:48:53.188+03:00  INFO 16524 --- [task-manager] [           main] j.LocalContainerEntityManagerFactoryBean : Initialized JPA EntityManagerFactory for persistence unit 'default'
2026-08-02T23:48:53.516+03:00  INFO 16524 --- [task-manager] [           main] eAuthenticationProviderManagerConfigurer : Global AuthenticationManager configured with AuthenticationProvider bean with name authenticationProvider
2026-08-02T23:48:53.517+03:00  WARN 16524 --- [task-manager] [           main] r$InitializeUserDetailsManagerConfigurer : Global AuthenticationManager configured with an AuthenticationProvider bean. UserDetailsService beans will not be used for username/password login. Consider removing the AuthenticationProvider bean. Alternatively, consider using the UserDetailsService in a manually instantiated DaoAuthenticationProvider.
2026-08-02T23:48:53.564+03:00  WARN 16524 --- [task-manager] [           main] JpaBaseConfiguration$JpaWebConfiguration : spring.jpa.open-in-view is enabled by default. Therefore, database queries may be performed during view rendering. Explicitly configure spring.jpa.open-in-view to disable this warning
2026-08-02T23:48:54.046+03:00  INFO 16524 --- [task-manager] [           main] o.s.b.w.embedded.tomcat.TomcatWebServer  : Tomcat started on port 65054 (http) with context path '/'
2026-08-02T23:48:54.053+03:00  INFO 16524 --- [task-manager] [           main] c.t.config.CucumberSpringConfiguration   : Started CucumberSpringConfiguration in 3.674 seconds (process running for 4.616)

Scenario: Successful registration                                                                &amp#27;[90m# features/authentication.feature:6&amp#27;[0m
  &amp#27;[32mGiven &amp#27;[0m&amp#27;[32mno user is registered with username &amp#27;[0m&amp#27;[32m&amp#27;[1m"khawaga"&amp#27;[0m                                            &amp#27;[90m# com.taskmanager.steps.AuthSteps.noUserIsRegisteredWithUsername(java.lang.String)&amp#27;[0m
2026-08-02T23:48:55.251+03:00  INFO 16524 --- [task-manager] [o-auto-1-exec-1] o.a.c.c.C.[Tomcat].[localhost].[/]       : Initializing Spring DispatcherServlet 'dispatcherServlet'
2026-08-02T23:48:55.251+03:00  INFO 16524 --- [task-manager] [o-auto-1-exec-1] o.s.web.servlet.DispatcherServlet        : Initializing Servlet 'dispatcherServlet'
2026-08-02T23:48:55.252+03:00  INFO 16524 --- [task-manager] [o-auto-1-exec-1] o.s.web.servlet.DispatcherServlet        : Completed initialization in 1 ms
  &amp#27;[32mWhen &amp#27;[0m&amp#27;[32mI register with username &amp#27;[0m&amp#27;[32m&amp#27;[1m"khawaga"&amp#27;[0m&amp#27;[32m, email &amp#27;[0m&amp#27;[32m&amp#27;[1m"khawaga@example.com"&amp#27;[0m&amp#27;[32m and password &amp#27;[0m&amp#27;[32m&amp#27;[1m"khawaga123"&amp#27;[0m &amp#27;[90m# com.taskmanager.steps.AuthSteps.iRegisterWithUsernameEmailAndPassword(java.lang.String,java.lang.String,java.lang.String)&amp#27;[0m
  &amp#27;[32mThen &amp#27;[0m&amp#27;[32mthe registration should succeed&amp#27;[0m                                                           &amp#27;[90m# com.taskmanager.steps.AuthSteps.theRegistrationShouldSucceed()&amp#27;[0m
  &amp#27;[32mAnd &amp#27;[0m&amp#27;[32mI should receive a valid JWT token&amp#27;[0m                                                         &amp#27;[90m# com.taskmanager.steps.AuthSteps.iShouldReceiveAValidJwtToken()&amp#27;[0m
]]></system-out>
    <system-err><![CDATA[WARNING: A Java agent has been loaded dynamically (C:\Users\ziada\.m2\repository\net\bytebuddy\byte-buddy-agent\1.14.18\byte-buddy-agent-1.14.18.jar)
WARNING: If a serviceability tool is in use, please run with -XX:+EnableDynamicAgentLoading to hide this warning
WARNING: If a serviceability tool is not in use, please run with -Djdk.instrument.traceUsage for more information
WARNING: Dynamic loading of agents will be disallowed by default in a future release
]]></system-err>
  </testcase>
  <testcase name="Registration fails with a duplicate username" classname="User authentication" time="0.116">
    <system-out><![CDATA[
Scenario: Registration fails with a duplicate username                                                  &amp#27;[90m# features/authentication.feature:12&amp#27;[0m
  &amp#27;[32mGiven &amp#27;[0m&amp#27;[32ma user is already registered with username &amp#27;[0m&amp#27;[32m&amp#27;[1m"elkhawaga"&amp#27;[0m                                          &amp#27;[90m# com.taskmanager.steps.AuthSteps.aUserIsAlreadyRegisteredWithUsername(java.lang.String)&amp#27;[0m
  &amp#27;[32mWhen &amp#27;[0m&amp#27;[32mI register with username &amp#27;[0m&amp#27;[32m&amp#27;[1m"elkhawaga"&amp#27;[0m&amp#27;[32m, email &amp#27;[0m&amp#27;[32m&amp#27;[1m"elkhawaga2@example.com"&amp#27;[0m&amp#27;[32m and password &amp#27;[0m&amp#27;[32m&amp#27;[1m"elkhawaga123"&amp#27;[0m &amp#27;[90m# com.taskmanager.steps.AuthSteps.iRegisterWithUsernameEmailAndPassword(java.lang.String,java.lang.String,java.lang.String)&amp#27;[0m
  &amp#27;[32mThen &amp#27;[0m&amp#27;[32mthe registration should fail with status &amp#27;[0m&amp#27;[32m&amp#27;[1m409&amp#27;[0m                                                     &amp#27;[90m# com.taskmanager.steps.AuthSteps.theRegistrationShouldFailWithStatus(int)&amp#27;[0m
]]></system-out>
  </testcase>
  <testcase name="Successful login" classname="User authentication" time="0.226">
    <system-out><![CDATA[
Scenario: Successful login                                                           &amp#27;[90m# features/authentication.feature:17&amp#27;[0m
  &amp#27;[32mGiven &amp#27;[0m&amp#27;[32ma user is already registered with username &amp#27;[0m&amp#27;[32m&amp#27;[1m"batman"&amp#27;[0m&amp#27;[32m and password &amp#27;[0m&amp#27;[32m&amp#27;[1m"batman123"&amp#27;[0m &amp#27;[90m# com.taskmanager.steps.AuthSteps.aUserIsAlreadyRegisteredWithUsernameAndPassword(java.lang.String,java.lang.String)&amp#27;[0m
  &amp#27;[32mWhen &amp#27;[0m&amp#27;[32mI log in with username &amp#27;[0m&amp#27;[32m&amp#27;[1m"batman"&amp#27;[0m&amp#27;[32m and password &amp#27;[0m&amp#27;[32m&amp#27;[1m"batman123"&amp#27;[0m                      &amp#27;[90m# com.taskmanager.steps.AuthSteps.iLogInWithUsernameAndPassword(java.lang.String,java.lang.String)&amp#27;[0m
  &amp#27;[32mThen &amp#27;[0m&amp#27;[32mthe login should succees&amp#27;[0m                                                      &amp#27;[90m# com.taskmanager.steps.AuthSteps.theLoginShouldSucceed()&amp#27;[0m
  &amp#27;[32mAnd &amp#27;[0m&amp#27;[32mI should receive a valid JWT token&amp#27;[0m                                             &amp#27;[90m# com.taskmanager.steps.AuthSteps.iShouldReceiveAValidJwtToken()&amp#27;[0m
]]></system-out>
  </testcase>
  <testcase name="Login fails with wrong password" classname="User authentication" time="0.148">
    <system-out><![CDATA[
Scenario: Login fails with wrong password                                          &amp#27;[90m# features/authentication.feature:23&amp#27;[0m
  &amp#27;[32mGiven &amp#27;[0m&amp#27;[32ma user is already registered with username &amp#27;[0m&amp#27;[32m&amp#27;[1m"dave"&amp#27;[0m&amp#27;[32m and password &amp#27;[0m&amp#27;[32m&amp#27;[1m"secret123"&amp#27;[0m &amp#27;[90m# com.taskmanager.steps.AuthSteps.aUserIsAlreadyRegisteredWithUsernameAndPassword(java.lang.String,java.lang.String)&amp#27;[0m
  &amp#27;[32mWhen &amp#27;[0m&amp#27;[32mI log in with username &amp#27;[0m&amp#27;[32m&amp#27;[1m"dave"&amp#27;[0m&amp#27;[32m and password &amp#27;[0m&amp#27;[32m&amp#27;[1m"wrong-password"&amp#27;[0m                 &amp#27;[90m# com.taskmanager.steps.AuthSteps.iLogInWithUsernameAndPassword(java.lang.String,java.lang.String)&amp#27;[0m
  &amp#27;[32mThen &amp#27;[0m&amp#27;[32mthe login should fail with status &amp#27;[0m&amp#27;[32m&amp#27;[1m401&amp#27;[0m                                       &amp#27;[90m# com.taskmanager.steps.AuthSteps.theLoginShouldFailWithStatus(int)&amp#27;[0m
]]></system-out>
  </testcase>
  <testcase name="Filter tasks by status" classname="Filtering tasks" time="0.238">
    <system-out><![CDATA[
Scenario: Filter tasks by status                                                   &amp#27;[90m# features/task_filtering.feature:12&amp#27;[0m
  &amp#27;[32mGiven &amp#27;[0m&amp#27;[32mI am logged in as user &amp#27;[0m&amp#27;[32m&amp#27;[1m"sarah"&amp#27;[0m&amp#27;[32m with password &amp#27;[0m&amp#27;[32m&amp#27;[1m"sarah123"&amp#27;[0m                    &amp#27;[90m# com.taskmanager.steps.TaskSteps.iAmLoggedInAsUserWithPassword(java.lang.String,java.lang.String)&amp#27;[0m
  &amp#27;[32mAnd &amp#27;[0m&amp#27;[32mI have created a task titled &amp#27;[0m&amp#27;[32m&amp#27;[1m"Task A"&amp#27;[0m&amp#27;[32m with status &amp#27;[0m&amp#27;[32m&amp#27;[1m"TODO"&amp#27;[0m&amp#27;[32m and priority &amp#27;[0m&amp#27;[32m&amp#27;[1m"HIGH"&amp#27;[0m &amp#27;[90m# com.taskmanager.steps.TaskSteps.iHaveCreatedATaskTitledWithStatusAndPriority(java.lang.String,java.lang.String,java.lang.String)&amp#27;[0m
  &amp#27;[32mAnd &amp#27;[0m&amp#27;[32mI have created a task titled &amp#27;[0m&amp#27;[32m&amp#27;[1m"Task B"&amp#27;[0m&amp#27;[32m with status &amp#27;[0m&amp#27;[32m&amp#27;[1m"DONE"&amp#27;[0m&amp#27;[32m and priority &amp#27;[0m&amp#27;[32m&amp#27;[1m"LOW"&amp#27;[0m  &amp#27;[90m# com.taskmanager.steps.TaskSteps.iHaveCreatedATaskTitledWithStatusAndPriority(java.lang.String,java.lang.String,java.lang.String)&amp#27;[0m
  &amp#27;[32mAnd &amp#27;[0m&amp#27;[32mI have created a task titled &amp#27;[0m&amp#27;[32m&amp#27;[1m"Task C"&amp#27;[0m&amp#27;[32m with status &amp#27;[0m&amp#27;[32m&amp#27;[1m"TODO"&amp#27;[0m&amp#27;[32m and priority &amp#27;[0m&amp#27;[32m&amp#27;[1m"LOW"&amp#27;[0m  &amp#27;[90m# com.taskmanager.steps.TaskSteps.iHaveCreatedATaskTitledWithStatusAndPriority(java.lang.String,java.lang.String,java.lang.String)&amp#27;[0m
  &amp#27;[32mWhen &amp#27;[0m&amp#27;[32mI request my tasks filtered by status &amp#27;[0m&amp#27;[32m&amp#27;[1m"TODO"&amp#27;[0m                                &amp#27;[90m# com.taskmanager.steps.TaskSteps.iRequestMyTasksFilteredByStatus(java.lang.String)&amp#27;[0m
  &amp#27;[32mThen &amp#27;[0m&amp#27;[32mI should receive &amp#27;[0m&amp#27;[32m&amp#27;[1m2&amp#27;[0m&amp#27;[32m task(s)&amp#27;[0m                                                  &amp#27;[90m# com.taskmanager.steps.TaskSteps.iShouldReceiveTasks(int)&amp#27;[0m
]]></system-out>
  </testcase>
  <testcase name="Filter tasks by priority" classname="Filtering tasks" time="0.176">
    <system-out><![CDATA[
Scenario: Filter tasks by priority                                                 &amp#27;[90m# features/task_filtering.feature:16&amp#27;[0m
  &amp#27;[32mGiven &amp#27;[0m&amp#27;[32mI am logged in as user &amp#27;[0m&amp#27;[32m&amp#27;[1m"sarah"&amp#27;[0m&amp#27;[32m with password &amp#27;[0m&amp#27;[32m&amp#27;[1m"sarah123"&amp#27;[0m                    &amp#27;[90m# com.taskmanager.steps.TaskSteps.iAmLoggedInAsUserWithPassword(java.lang.String,java.lang.String)&amp#27;[0m
  &amp#27;[32mAnd &amp#27;[0m&amp#27;[32mI have created a task titled &amp#27;[0m&amp#27;[32m&amp#27;[1m"Task A"&amp#27;[0m&amp#27;[32m with status &amp#27;[0m&amp#27;[32m&amp#27;[1m"TODO"&amp#27;[0m&amp#27;[32m and priority &amp#27;[0m&amp#27;[32m&amp#27;[1m"HIGH"&amp#27;[0m &amp#27;[90m# com.taskmanager.steps.TaskSteps.iHaveCreatedATaskTitledWithStatusAndPriority(java.lang.String,java.lang.String,java.lang.String)&amp#27;[0m
  &amp#27;[32mAnd &amp#27;[0m&amp#27;[32mI have created a task titled &amp#27;[0m&amp#27;[32m&amp#27;[1m"Task B"&amp#27;[0m&amp#27;[32m with status &amp#27;[0m&amp#27;[32m&amp#27;[1m"DONE"&amp#27;[0m&amp#27;[32m and priority &amp#27;[0m&amp#27;[32m&amp#27;[1m"LOW"&amp#27;[0m  &amp#27;[90m# com.taskmanager.steps.TaskSteps.iHaveCreatedATaskTitledWithStatusAndPriority(java.lang.String,java.lang.String,java.lang.String)&amp#27;[0m
  &amp#27;[32mAnd &amp#27;[0m&amp#27;[32mI have created a task titled &amp#27;[0m&amp#27;[32m&amp#27;[1m"Task C"&amp#27;[0m&amp#27;[32m with status &amp#27;[0m&amp#27;[32m&amp#27;[1m"TODO"&amp#27;[0m&amp#27;[32m and priority &amp#27;[0m&amp#27;[32m&amp#27;[1m"LOW"&amp#27;[0m  &amp#27;[90m# com.taskmanager.steps.TaskSteps.iHaveCreatedATaskTitledWithStatusAndPriority(java.lang.String,java.lang.String,java.lang.String)&amp#27;[0m
  &amp#27;[32mWhen &amp#27;[0m&amp#27;[32mI request my tasks filtered by priority &amp#27;[0m&amp#27;[32m&amp#27;[1m"LOW"&amp#27;[0m                               &amp#27;[90m# com.taskmanager.steps.TaskSteps.iRequestMyTasksFilteredByPriority(java.lang.String)&amp#27;[0m
  &amp#27;[32mThen &amp#27;[0m&amp#27;[32mI should receive &amp#27;[0m&amp#27;[32m&amp#27;[1m2&amp#27;[0m&amp#27;[32m task(s)&amp#27;[0m                                                  &amp#27;[90m# com.taskmanager.steps.TaskSteps.iShouldReceiveTasks(int)&amp#27;[0m
]]></system-out>
  </testcase>
  <testcase name="Filter tasks by status and priority together" classname="Filtering tasks" time="0.169">
    <system-out><![CDATA[
Scenario: Filter tasks by status and priority together                             &amp#27;[90m# features/task_filtering.feature:20&amp#27;[0m
  &amp#27;[32mGiven &amp#27;[0m&amp#27;[32mI am logged in as user &amp#27;[0m&amp#27;[32m&amp#27;[1m"sarah"&amp#27;[0m&amp#27;[32m with password &amp#27;[0m&amp#27;[32m&amp#27;[1m"sarah123"&amp#27;[0m                    &amp#27;[90m# com.taskmanager.steps.TaskSteps.iAmLoggedInAsUserWithPassword(java.lang.String,java.lang.String)&amp#27;[0m
  &amp#27;[32mAnd &amp#27;[0m&amp#27;[32mI have created a task titled &amp#27;[0m&amp#27;[32m&amp#27;[1m"Task A"&amp#27;[0m&amp#27;[32m with status &amp#27;[0m&amp#27;[32m&amp#27;[1m"TODO"&amp#27;[0m&amp#27;[32m and priority &amp#27;[0m&amp#27;[32m&amp#27;[1m"HIGH"&amp#27;[0m &amp#27;[90m# com.taskmanager.steps.TaskSteps.iHaveCreatedATaskTitledWithStatusAndPriority(java.lang.String,java.lang.String,java.lang.String)&amp#27;[0m
  &amp#27;[32mAnd &amp#27;[0m&amp#27;[32mI have created a task titled &amp#27;[0m&amp#27;[32m&amp#27;[1m"Task B"&amp#27;[0m&amp#27;[32m with status &amp#27;[0m&amp#27;[32m&amp#27;[1m"DONE"&amp#27;[0m&amp#27;[32m and priority &amp#27;[0m&amp#27;[32m&amp#27;[1m"LOW"&amp#27;[0m  &amp#27;[90m# com.taskmanager.steps.TaskSteps.iHaveCreatedATaskTitledWithStatusAndPriority(java.lang.String,java.lang.String,java.lang.String)&amp#27;[0m
  &amp#27;[32mAnd &amp#27;[0m&amp#27;[32mI have created a task titled &amp#27;[0m&amp#27;[32m&amp#27;[1m"Task C"&amp#27;[0m&amp#27;[32m with status &amp#27;[0m&amp#27;[32m&amp#27;[1m"TODO"&amp#27;[0m&amp#27;[32m and priority &amp#27;[0m&amp#27;[32m&amp#27;[1m"LOW"&amp#27;[0m  &amp#27;[90m# com.taskmanager.steps.TaskSteps.iHaveCreatedATaskTitledWithStatusAndPriority(java.lang.String,java.lang.String,java.lang.String)&amp#27;[0m
  &amp#27;[32mWhen &amp#27;[0m&amp#27;[32mI request my tasks filtered by status &amp#27;[0m&amp#27;[32m&amp#27;[1m"TODO"&amp#27;[0m&amp#27;[32m and priority &amp#27;[0m&amp#27;[32m&amp#27;[1m"LOW"&amp#27;[0m             &amp#27;[90m# com.taskmanager.steps.TaskSteps.iRequestMyTasksFilteredByStatusAndPriority(java.lang.String,java.lang.String)&amp#27;[0m
  &amp#27;[32mThen &amp#27;[0m&amp#27;[32mI should receive &amp#27;[0m&amp#27;[32m&amp#27;[1m1&amp#27;[0m&amp#27;[32m task(s)&amp#27;[0m                                                  &amp#27;[90m# com.taskmanager.steps.TaskSteps.iShouldReceiveTasks(int)&amp#27;[0m
]]></system-out>
  </testcase>
  <testcase name="Create a new task" classname="Task management" time="0.117">
    <system-out><![CDATA[
Scenario: Create a new task                                                         &amp#27;[90m# features/task_management.feature:9&amp#27;[0m
  &amp#27;[32mGiven &amp#27;[0m&amp#27;[32mI am logged in as user &amp#27;[0m&amp#27;[32m&amp#27;[1m"ziad"&amp#27;[0m&amp#27;[32m with password &amp#27;[0m&amp#27;[32m&amp#27;[1m"password1233"&amp#27;[0m                  &amp#27;[90m# com.taskmanager.steps.TaskSteps.iAmLoggedInAsUserWithPassword(java.lang.String,java.lang.String)&amp#27;[0m
  &amp#27;[32mWhen &amp#27;[0m&amp#27;[32mI create a task titled &amp#27;[0m&amp#27;[32m&amp#27;[1m"Write report"&amp#27;[0m&amp#27;[32m with status &amp#27;[0m&amp#27;[32m&amp#27;[1m"TODO"&amp#27;[0m&amp#27;[32m and priority &amp#27;[0m&amp#27;[32m&amp#27;[1m"HIGH"&amp#27;[0m &amp#27;[90m# com.taskmanager.steps.TaskSteps.iCreateATaskTitledWithStatusAndPriority(java.lang.String,java.lang.String,java.lang.String)&amp#27;[0m
  &amp#27;[32mThen &amp#27;[0m&amp#27;[32mthe task should be created successfully&amp#27;[0m                                      &amp#27;[90m# com.taskmanager.steps.TaskSteps.theTaskShouldBeCreatedSuccessfully()&amp#27;[0m
  &amp#27;[32mAnd &amp#27;[0m&amp#27;[32mthe created task should have status &amp#27;[0m&amp#27;[32m&amp#27;[1m"TODO"&amp#27;[0m&amp#27;[32m and priority &amp#27;[0m&amp#27;[32m&amp#27;[1m"HIGH"&amp#27;[0m                &amp#27;[90m# com.taskmanager.steps.TaskSteps.theCreatedTaskShouldHaveStatusAndPriority(java.lang.String,java.lang.String)&amp#27;[0m
]]></system-out>
  </testcase>
  <testcase name="Update an existing task&apos;s status" classname="Task management" time="0.139">
    <system-out><![CDATA[
Scenario: Update an existing task's status                                              &amp#27;[90m# features/task_management.feature:14&amp#27;[0m
  &amp#27;[32mGiven &amp#27;[0m&amp#27;[32mI am logged in as user &amp#27;[0m&amp#27;[32m&amp#27;[1m"ziad"&amp#27;[0m&amp#27;[32m with password &amp#27;[0m&amp#27;[32m&amp#27;[1m"password1233"&amp#27;[0m                      &amp#27;[90m# com.taskmanager.steps.TaskSteps.iAmLoggedInAsUserWithPassword(java.lang.String,java.lang.String)&amp#27;[0m
  &amp#27;[32mGiven &amp#27;[0m&amp#27;[32mI have created a task titled &amp#27;[0m&amp#27;[32m&amp#27;[1m"Fix bug"&amp#27;[0m&amp#27;[32m with status &amp#27;[0m&amp#27;[32m&amp#27;[1m"TODO"&amp#27;[0m&amp#27;[32m and priority &amp#27;[0m&amp#27;[32m&amp#27;[1m"MEDIUM"&amp#27;[0m &amp#27;[90m# com.taskmanager.steps.TaskSteps.iHaveCreatedATaskTitledWithStatusAndPriority(java.lang.String,java.lang.String,java.lang.String)&amp#27;[0m
  &amp#27;[32mWhen &amp#27;[0m&amp#27;[32mI update that task's status to &amp#27;[0m&amp#27;[32m&amp#27;[1m"IN_PROGRESS"&amp#27;[0m                                     &amp#27;[90m# com.taskmanager.steps.TaskSteps.iUpdateThatTaskSStatusTo(java.lang.String)&amp#27;[0m
  &amp#27;[32mThen &amp#27;[0m&amp#27;[32mthe task's status should be &amp#27;[0m&amp#27;[32m&amp#27;[1m"IN_PROGRESS"&amp#27;[0m                                        &amp#27;[90m# com.taskmanager.steps.TaskSteps.theTaskSStatusShouldBe(java.lang.String)&amp#27;[0m
]]></system-out>
  </testcase>
  <testcase name="Delete a task" classname="Task management" time="0.144">
    <system-out><![CDATA[
Scenario: Delete a task                                                               &amp#27;[90m# features/task_management.feature:19&amp#27;[0m
  &amp#27;[32mGiven &amp#27;[0m&amp#27;[32mI am logged in as user &amp#27;[0m&amp#27;[32m&amp#27;[1m"ziad"&amp#27;[0m&amp#27;[32m with password &amp#27;[0m&amp#27;[32m&amp#27;[1m"password1233"&amp#27;[0m                    &amp#27;[90m# com.taskmanager.steps.TaskSteps.iAmLoggedInAsUserWithPassword(java.lang.String,java.lang.String)&amp#27;[0m
  &amp#27;[32mGiven &amp#27;[0m&amp#27;[32mI have created a task titled &amp#27;[0m&amp#27;[32m&amp#27;[1m"Old task"&amp#27;[0m&amp#27;[32m with status &amp#27;[0m&amp#27;[32m&amp#27;[1m"TODO"&amp#27;[0m&amp#27;[32m and priority &amp#27;[0m&amp#27;[32m&amp#27;[1m"LOW"&amp#27;[0m &amp#27;[90m# com.taskmanager.steps.TaskSteps.iHaveCreatedATaskTitledWithStatusAndPriority(java.lang.String,java.lang.String,java.lang.String)&amp#27;[0m
  &amp#27;[32mWhen &amp#27;[0m&amp#27;[32mI delete that task&amp#27;[0m                                                             &amp#27;[90m# com.taskmanager.steps.TaskSteps.iDeleteThatTask()&amp#27;[0m
  &amp#27;[32mThen &amp#27;[0m&amp#27;[32mthe task should no longer exist&amp#27;[0m                                                &amp#27;[90m# com.taskmanager.steps.TaskSteps.theTaskShouldNoLongerExist()&amp#27;[0m
]]></system-out>
  </testcase>
  <testcase name="A user cannot see another user&apos;s tasks" classname="Task management" time="0.206">
    <system-out><![CDATA[
Scenario: A user cannot see another user's tasks                         &amp#27;[90m# features/task_management.feature:24&amp#27;[0m
  &amp#27;[32mGiven &amp#27;[0m&amp#27;[32mI am logged in as user &amp#27;[0m&amp#27;[32m&amp#27;[1m"ziad"&amp#27;[0m&amp#27;[32m with password &amp#27;[0m&amp#27;[32m&amp#27;[1m"password1233"&amp#27;[0m       &amp#27;[90m# com.taskmanager.steps.TaskSteps.iAmLoggedInAsUserWithPassword(java.lang.String,java.lang.String)&amp#27;[0m
  &amp#27;[32mGiven &amp#27;[0m&amp#27;[32muser &amp#27;[0m&amp#27;[32m&amp#27;[1m"mshziad"&amp#27;[0m&amp#27;[32m has created a task titled &amp#27;[0m&amp#27;[32m&amp#27;[1m"mshziad's secret task"&amp#27;[0m &amp#27;[90m# com.taskmanager.steps.TaskSteps.userHasCreatedATaskTitled(java.lang.String,java.lang.String)&amp#27;[0m
  &amp#27;[32mWhen &amp#27;[0m&amp#27;[32mI request my task list&amp#27;[0m                                            &amp#27;[90m# com.taskmanager.steps.TaskSteps.iRequestMyTaskList()&amp#27;[0m
  &amp#27;[32mThen &amp#27;[0m&amp#27;[32mI should not see a task titled &amp#27;[0m&amp#27;[32m&amp#27;[1m"mshziad's secret task"&amp#27;[0m            &amp#27;[90m# com.taskmanager.steps.TaskSteps.iShouldNotSeeATaskTitled(java.lang.String)&amp#27;[0m
]]></system-out>
  </testcase>
</testsuite>